2025-02-08 21:53:53.760 | INFO     | data_loader:load_data:16 - Loading data for PFE from 2019-08-19 21:53:53.760621 to 2025-02-08 21:53:53.760670
2025-02-08 21:53:55.109 | INFO     | data_loader:load_data:26 - Data loaded successfully with shape (1362, 12)
2025-02-08 21:53:55.113 | INFO     | data_loader:prepare_train_val_test_split:37 - Data split: Train 817, Val 332, Test 333
2025-02-08 21:53:55.654 | INFO     | feature_engineer:create_features:70 - Feature engineering complete. New shape: (783, 18)
2025-02-08 21:53:56.137 | INFO     | feature_engineer:create_features:70 - Feature engineering complete. New shape: (298, 18)
2025-02-08 21:53:56.872 | INFO     | feature_engineer:create_features:70 - Feature engineering complete. New shape: (299, 18)
2025-02-08 21:54:02.114 | INFO     | feature_engineer:create_sequences:97 - Generated 723 sequences from data shape (783, 15)
2025-02-08 21:54:02.362 | INFO     | feature_engineer:create_sequences:97 - Generated 238 sequences from data shape (298, 15)
2025-02-08 21:54:02.579 | INFO     | feature_engineer:create_sequences:97 - Generated 239 sequences from data shape (299, 15)
2025-02-08 21:54:02.892 | INFO     | lstm_model:build_model:27 - LSTM model built successfully.
2025-02-08 21:54:18.069 | INFO     | lstm_model:train:45 - Training complete.
2025-02-08 21:54:20.233 | INFO     | lstm_model:evaluate:58 - Evaluation metrics: {'MAE': 1.8045278231302897, 'MSE': 5.258768391566042, 'RMSE': 2.29320046911866, 'R2': -0.5054699419554547}
2025-02-08 21:54:23.943 | INFO     | lstm_model:build_model:27 - LSTM model built successfully.
2025-02-08 21:54:39.497 | INFO     | lstm_model:train:45 - Training complete.
2025-02-08 21:54:40.356 | INFO     | lstm_model:evaluate:58 - Evaluation metrics: {'MAE': 4.899459457397461, 'MSE': 34.03236385956083, 'RMSE': 5.833726412813754, 'R2': -0.4455827219709825}
2025-02-08 21:54:40.421 | INFO     | lstm_model:build_model:27 - LSTM model built successfully.
2025-02-08 21:55:35.310 | INFO     | lstm_model:train:45 - Training complete.
2025-02-08 21:55:36.152 | INFO     | lstm_model:evaluate:58 - Evaluation metrics: {'MAE': 1.0650903489854602, 'MSE': 1.8295444342281877, 'RMSE': 1.3526065334117634, 'R2': 0.7261773038768581}
2025-02-08 21:55:36.212 | INFO     | lstm_model:build_model:27 - LSTM model built successfully.
2025-02-08 21:56:25.658 | INFO     | lstm_model:train:45 - Training complete.
2025-02-08 21:56:26.365 | INFO     | lstm_model:evaluate:58 - Evaluation metrics: {'MAE': 0.9488726500187957, 'MSE': 1.3041023998947474, 'RMSE': 1.1419730294077648, 'R2': 0.2981905935646043}
2025-02-08 21:59:57.450 | INFO     | data_loader:load_data:16 - Loading data for PFE from 2019-08-19 21:59:57.450321 to 2025-02-08 21:59:57.450346
2025-02-08 22:00:06.989 | INFO     | data_loader:load_data:26 - Data loaded successfully with shape (1362, 12)
2025-02-08 22:00:06.992 | INFO     | data_loader:prepare_train_val_test_split:37 - Data split: Train 817, Val 332, Test 333
2025-02-08 22:00:09.805 | INFO     | feature_engineer:create_features:70 - Feature engineering complete. New shape: (783, 18)
2025-02-08 22:00:13.068 | INFO     | feature_engineer:create_features:70 - Feature engineering complete. New shape: (298, 18)
2025-02-08 22:00:16.730 | INFO     | feature_engineer:create_features:70 - Feature engineering complete. New shape: (299, 18)
2025-02-08 22:00:22.207 | INFO     | feature_engineer:create_sequences:97 - Generated 723 sequences from data shape (783, 15)
2025-02-08 22:00:22.405 | INFO     | feature_engineer:create_sequences:97 - Generated 238 sequences from data shape (298, 15)
2025-02-08 22:00:22.636 | INFO     | feature_engineer:create_sequences:97 - Generated 239 sequences from data shape (299, 15)
2025-02-08 22:02:12.458 | INFO     | data_loader:load_data:16 - Loading data for PFE from 2019-08-19 22:02:12.457912 to 2025-02-08 22:02:12.457945
2025-02-08 22:02:13.802 | INFO     | data_loader:load_data:26 - Data loaded successfully with shape (1362, 12)
2025-02-08 22:02:13.805 | INFO     | data_loader:prepare_train_val_test_split:37 - Data split: Train 817, Val 332, Test 333
2025-02-08 22:02:14.384 | INFO     | feature_engineer:create_features:70 - Feature engineering complete. New shape: (783, 18)
2025-02-08 22:02:14.665 | INFO     | feature_engineer:create_features:70 - Feature engineering complete. New shape: (298, 18)
2025-02-08 22:02:14.942 | INFO     | feature_engineer:create_features:70 - Feature engineering complete. New shape: (299, 18)
2025-02-08 22:02:21.084 | INFO     | feature_engineer:create_sequences:97 - Generated 723 sequences from data shape (783, 15)
2025-02-08 22:02:21.313 | INFO     | feature_engineer:create_sequences:97 - Generated 238 sequences from data shape (298, 15)
2025-02-08 22:02:21.537 | INFO     | feature_engineer:create_sequences:97 - Generated 239 sequences from data shape (299, 15)
2025-02-08 22:02:21.811 | INFO     | lstm_model:build_model:30 - LSTM model built successfully.
2025-02-08 22:02:42.401 | INFO     | lstm_model:train:49 - Training complete.
2025-02-08 22:02:43.266 | INFO     | lstm_model:evaluate:62 - Evaluation metrics: {'MAE': 0.9385842747158475, 'MSE': 1.2905778487882547, 'RMSE': 1.1360360244236336, 'R2': 0.6305361268640672}
2025-02-08 22:02:43.973 | INFO     | lstm_model:build_model:30 - LSTM model built successfully.
2025-02-08 22:03:08.408 | INFO     | lstm_model:train:49 - Training complete.
2025-02-08 22:03:09.571 | INFO     | lstm_model:evaluate:62 - Evaluation metrics: {'MAE': 5.411130915747749, 'MSE': 40.55760555937027, 'RMSE': 6.368485342636055, 'R2': -0.7227535045153786}
2025-02-08 22:03:09.650 | INFO     | lstm_model:build_model:30 - LSTM model built successfully.
2025-02-08 22:04:23.954 | INFO     | lstm_model:train:49 - Training complete.
2025-02-08 22:04:24.829 | INFO     | lstm_model:evaluate:62 - Evaluation metrics: {'MAE': 1.0222864574856227, 'MSE': 1.612571692113852, 'RMSE': 1.2698707383485344, 'R2': 0.7586510185479283}
2025-02-08 22:04:24.915 | INFO     | lstm_model:build_model:30 - LSTM model built successfully.
2025-02-08 22:05:40.082 | INFO     | lstm_model:train:49 - Training complete.
2025-02-08 22:05:40.981 | INFO     | lstm_model:evaluate:62 - Evaluation metrics: {'MAE': 0.8400512759156805, 'MSE': 0.985164658637731, 'RMSE': 0.9925546124207629, 'R2': 0.46982855356236763}
